start -85 -48 -36 8 23 start start -68 2 69 start 43 75 start -60 55 88 95 
start -83 -40 33 50 start -75 -41 1 87 start -88 -81 49 60 66 start 35 96 
start -94 -22 start -99 -85 4 20 62 start 56 
start -53 -4 
start -82 -72 start -14 -8 2 start -33 29 start -35 56 65 start 42 49 73 93 
start -97 -32 85 
start -48 start -44 14 start -61 18 72 start 91 
start -99 -94 -4 4 56 start 8 32 44 
start -96 -94 -66 53 start -48 -19 -19 start 36 
start -94 -79 -33 -27 24 start -100 -58 -26 -14 33 start -89 -20 58 start -63 -42 11 62 73 start 69 94 
start -98 -80 46 85 
start -84 -72 17 49 70 start 4 start 6 69 
start 12 15 74 89 
start -98 -1 46 70 
start -91 -85 -55 74 start -30 start 2 start -24 -6 81 start -68 -26 18 70 70 
start -42 8 17 22 60 
start -77 -42 start -80 -66 -51 55 69 start -86 60 start -70 -7 55 start -55 -9 24 83 
start -99 -68 -15 10 21 start -83 -82 -41 42 94 start -79 55 
start -49 -41 start -59 18 56 88 
start -87 -84 -63 88 start -99 -64 30 37 start -67 39 start 41 68 69 
start 5 13 18 32 43 
start -94 -55 -24 17 59 start -41 72 start -74 -35 62 91 start -28 19 55 start 44 86 
start -47 25 start 9 76 start 13 37 61 start 11 74 99 
start -93 -80 -49 46 60 
start -97 -35 11 38 start 90 
start -98 -97 -79 8 12 start -89 -56 -14 10 46 start -99 -25 1 39 start -39 start -94 -15 45 51 61 
start -67 -34 -29 -19 start -77 -45 -22 98 start 6 21 start -82 -17 50 50 63 
start -72 -67 -34 -29 23 start -91 -78 52 start -62 43 46 
start -48 -47 51 98 start 33 70 74 
start -84 26 37 start -73 86 
start -94 start -74 -53 64 
start 63 
start -96 -9 45 71 
start -93 -55 2 99 start -81 85 
start 7 start -38 10 18 60 67 
start -70 63 93 start 51 84 
start -48 start -38 67 start -18 97 
start -93 -28 50 start -6 20 
start -73 -53 2 start -71 -20 31 56 start -95 64 67 start -30 53 54 
start -86 -52 -16 58 start -21 -8 8 31 45 start 23 57 start -82 31 42 91 
start -16 start -5 9 
start -98 -47 77 start -92 36 48 start -3 34 start 61 98 
start -71 -19 
start -74 -68 -32 26 start -79 36 start 39 52 71 85 
start -87 -79 start -53 -41 25 31 75 
start -90 -66 38 start -72 -61 -9 47 75 start -4 49 start 32 49 
start -45 start -50 49 start -98 -72 17 78 92 start 26 start 30 81 
start -96 2 39 start -60 -37 48 start -64 -43 26 26 74 start 7 69 74 88 
start -69 start -63 2 9 
start -84 -19 10 13 48 
